This is pdfTeX, Version 3.14159265-2.6-1.40.21 (TeX Live 2020/Debian) (preloaded format=pdflatex 2022.9.6)  21 OCT 2022 04:41
entering extended mode
 restricted \write18 enabled.
 %&-line parsing enabled.
**cccsrrr.tex
(./cccsrrr.tex
LaTeX2e <2020-10-01> patch level 4
L3 programming layer <2021-01-09> xparse <2020-03-03>
(/usr/share/texlive/texmf-dist/tex/latex/base/article.cls
Document Class: article 2020/04/10 v1.4m Standard LaTeX document class
(/usr/share/texlive/texmf-dist/tex/latex/base/size12.clo
File: size12.clo 2020/04/10 v1.4m Standard LaTeX file (size option)
)
\c@part=\count177
\c@section=\count178
\c@subsection=\count179
\c@subsubsection=\count180
\c@paragraph=\count181
\c@subparagraph=\count182
\c@figure=\count183
\c@table=\count184
\abovecaptionskip=\skip47
\belowcaptionskip=\skip48
\bibindent=\dimen138
)
(/usr/share/texlive/texmf-dist/tex/latex/graphics/graphicx.sty
Package: graphicx 2020/09/09 v1.2b Enhanced LaTeX Graphics (DPC,SPQR)

(/usr/share/texlive/texmf-dist/tex/latex/graphics/keyval.sty
Package: keyval 2014/10/28 v1.15 key=value parser (DPC)
\KV@toks@=\toks15
)
(/usr/share/texlive/texmf-dist/tex/latex/graphics/graphics.sty
Package: graphics 2020/08/30 v1.4c Standard LaTeX Graphics (DPC,SPQR)

(/usr/share/texlive/texmf-dist/tex/latex/graphics/trig.sty
Package: trig 2016/01/03 v1.10 sin cos tan (DPC)
)
(/usr/share/texlive/texmf-dist/tex/latex/graphics-cfg/graphics.cfg
File: graphics.cfg 2016/06/04 v1.11 sample graphics configuration
)
Package graphics Info: Driver file: pdftex.def on input line 105.

(/usr/share/texlive/texmf-dist/tex/latex/graphics-def/pdftex.def
File: pdftex.def 2020/10/05 v1.2a Graphics/color driver for pdftex
))
\Gin@req@height=\dimen139
\Gin@req@width=\dimen140
)
(/usr/share/texlive/texmf-dist/tex/latex/hyphenat/hyphenat.sty
Package: hyphenat 2009/09/02 v2.3c hyphenation utilities
\langwohyphens=\language5
LaTeX Info: Redefining \_ on input line 43.
)
(/usr/share/texlive/texmf-dist/tex/latex/geometry/geometry.sty
Package: geometry 2020/01/02 v5.9 Page Geometry

(/usr/share/texlive/texmf-dist/tex/generic/iftex/ifvtex.sty
Package: ifvtex 2019/10/25 v1.7 ifvtex legacy package. Use iftex instead.

(/usr/share/texlive/texmf-dist/tex/generic/iftex/iftex.sty
Package: iftex 2020/03/06 v1.0d TeX engine tests
))
\Gm@cnth=\count185
\Gm@cntv=\count186
\c@Gm@tempcnt=\count187
\Gm@bindingoffset=\dimen141
\Gm@wd@mp=\dimen142
\Gm@odd@mp=\dimen143
\Gm@even@mp=\dimen144
\Gm@layoutwidth=\dimen145
\Gm@layoutheight=\dimen146
\Gm@layouthoffset=\dimen147
\Gm@layoutvoffset=\dimen148
\Gm@dimlist=\toks16
)
(/usr/share/texlive/texmf-dist/tex/latex/amsmath/amsmath.sty
Package: amsmath 2020/09/23 v2.17i AMS math features
\@mathmargin=\skip49

For additional information on amsmath, use the `?' option.
(/usr/share/texlive/texmf-dist/tex/latex/amsmath/amstext.sty
Package: amstext 2000/06/29 v2.01 AMS text

(/usr/share/texlive/texmf-dist/tex/latex/amsmath/amsgen.sty
File: amsgen.sty 1999/11/30 v2.0 generic functions
\@emptytoks=\toks17
\ex@=\dimen149
))
(/usr/share/texlive/texmf-dist/tex/latex/amsmath/amsbsy.sty
Package: amsbsy 1999/11/29 v1.2d Bold Symbols
\pmbraise@=\dimen150
)
(/usr/share/texlive/texmf-dist/tex/latex/amsmath/amsopn.sty
Package: amsopn 2016/03/08 v2.02 operator names
)
\inf@bad=\count188
LaTeX Info: Redefining \frac on input line 234.
\uproot@=\count189
\leftroot@=\count190
LaTeX Info: Redefining \overline on input line 399.
\classnum@=\count191
\DOTSCASE@=\count192
LaTeX Info: Redefining \ldots on input line 496.
LaTeX Info: Redefining \dots on input line 499.
LaTeX Info: Redefining \cdots on input line 620.
\Mathstrutbox@=\box47
\strutbox@=\box48
\big@size=\dimen151
LaTeX Font Info:    Redeclaring font encoding OML on input line 743.
LaTeX Font Info:    Redeclaring font encoding OMS on input line 744.
\macc@depth=\count193
\c@MaxMatrixCols=\count194
\dotsspace@=\muskip16
\c@parentequation=\count195
\dspbrk@lvl=\count196
\tag@help=\toks18
\row@=\count197
\column@=\count198
\maxfields@=\count199
\andhelp@=\toks19
\eqnshift@=\dimen152
\alignsep@=\dimen153
\tagshift@=\dimen154
\tagwidth@=\dimen155
\totwidth@=\dimen156
\lineht@=\dimen157
\@envbody=\toks20
\multlinegap=\skip50
\multlinetaggap=\skip51
\mathdisplay@stack=\toks21
LaTeX Info: Redefining \[ on input line 2923.
LaTeX Info: Redefining \] on input line 2924.
)
(/usr/share/texlive/texmf-dist/tex/latex/tools/array.sty
Package: array 2020/10/01 v2.5c Tabular extension package (FMi)
\col@sep=\dimen158
\ar@mcellbox=\box49
\extrarowheight=\dimen159
\NC@list=\toks22
\extratabsurround=\skip52
\backup@length=\skip53
\ar@cellbox=\box50
)
(/usr/share/texlive/texmf-dist/tex/latex/booktabs/booktabs.sty
Package: booktabs 2020/01/12 v1.61803398 Publication quality tables
\heavyrulewidth=\dimen160
\lightrulewidth=\dimen161
\cmidrulewidth=\dimen162
\belowrulesep=\dimen163
\belowbottomsep=\dimen164
\aboverulesep=\dimen165
\abovetopsep=\dimen166
\cmidrulesep=\dimen167
\cmidrulekern=\dimen168
\defaultaddspace=\dimen169
\@cmidla=\count266
\@cmidlb=\count267
\@aboverulesep=\dimen170
\@belowrulesep=\dimen171
\@thisruleclass=\count268
\@lastruleclass=\count269
\@thisrulewidth=\dimen172
)
(/usr/share/texlive/texmf-dist/tex/latex/was/gensymb.sty
Package: gensymb 2003/07/02 v1.0 (WaS)
)
(/usr/share/texlive/texmf-dist/tex/latex/base/textcomp.sty
Package: textcomp 2020/02/02 v2.0n Standard LaTeX package
)
(/usr/share/texlive/texmf-dist/tex/latex/l3backend/l3backend-pdftex.def
File: l3backend-pdftex.def 2020-01-29 L3 backend support: PDF output (pdfTeX)
\l__color_backend_stack_int=\count270
\l__pdf_internal_box=\box51
)

LaTeX Warning: Unused global option(s):
    [journal].

(./cccsrrr.aux)
\openout1 = `cccsrrr.aux'.

LaTeX Font Info:    Checking defaults for OML/cmm/m/it on input line 20.
LaTeX Font Info:    ... okay on input line 20.
LaTeX Font Info:    Checking defaults for OMS/cmsy/m/n on input line 20.
LaTeX Font Info:    ... okay on input line 20.
LaTeX Font Info:    Checking defaults for OT1/cmr/m/n on input line 20.
LaTeX Font Info:    ... okay on input line 20.
LaTeX Font Info:    Checking defaults for T1/cmr/m/n on input line 20.
LaTeX Font Info:    ... okay on input line 20.
LaTeX Font Info:    Checking defaults for TS1/cmr/m/n on input line 20.
LaTeX Font Info:    ... okay on input line 20.
LaTeX Font Info:    Checking defaults for OMX/cmex/m/n on input line 20.
LaTeX Font Info:    ... okay on input line 20.
LaTeX Font Info:    Checking defaults for U/cmr/m/n on input line 20.
LaTeX Font Info:    ... okay on input line 20.

(/usr/share/texlive/texmf-dist/tex/context/base/mkii/supp-pdf.mkii
[Loading MPS to PDF converter (version 2006.09.02).]
\scratchcounter=\count271
\scratchdimen=\dimen173
\scratchbox=\box52
\nofMPsegments=\count272
\nofMParguments=\count273
\everyMPshowfont=\toks23
\MPscratchCnt=\count274
\MPscratchDim=\dimen174
\MPnumerator=\count275
\makeMPintoPDFobject=\count276
\everyMPtoPDFconversion=\toks24
) (/usr/share/texlive/texmf-dist/tex/latex/epstopdf-pkg/epstopdf-base.sty
Package: epstopdf-base 2020-01-24 v2.11 Base part for package epstopdf
Package epstopdf-base Info: Redefining graphics rule for `.eps' on input line 4
85.

(/usr/share/texlive/texmf-dist/tex/latex/latexconfig/epstopdf-sys.cfg
File: epstopdf-sys.cfg 2010/07/13 v1.3 Configuration of (r)epstopdf for TeX Liv
e
))
*geometry* driver: auto-detecting
*geometry* detected driver: pdftex
*geometry* verbose mode - [ preamble ] result:
* driver: pdftex
* paper: <default>
* layout: <same size as paper>
* layoutoffset:(h,v)=(0.0pt,0.0pt)
* modes: 
* h-part:(L,W,R)=(36.135pt, 542.02501pt, 36.135pt)
* v-part:(T,H,B)=(36.135pt, 722.7pt, 36.135pt)
* \paperwidth=614.295pt
* \paperheight=794.96999pt
* \textwidth=542.02501pt
* \textheight=722.7pt
* \oddsidemargin=-36.135pt
* \evensidemargin=-36.135pt
* \topmargin=-73.135pt
* \headheight=12.0pt
* \headsep=25.0pt
* \topskip=12.0pt
* \footskip=30.0pt
* \marginparwidth=4.0pt
* \marginparsep=10.0pt
* \columnsep=10.0pt
* \skip\footins=10.8pt plus 4.0pt minus 2.0pt
* \hoffset=0.0pt
* \voffset=0.0pt
* \mag=1000
* \@twocolumntrue
* \@twosidefalse
* \@mparswitchfalse
* \@reversemarginfalse
* (1in=72.27pt=25.4mm, 1cm=28.453pt)

\symgns@font=\mathgroup4
LaTeX Font Info:    Overwriting symbol font `gns@font' in version `bold'
(Font)                  TS1/cmr/m/n --> TS1/cmr/b/n on input line 20.
Package gensymb Info: Math companion symbols declared on input line 20.
LaTeX Info: Redefining \degree on input line 20.
LaTeX Info: Redefining \celsius on input line 20.
Package gensymb Info: Using text companion symbols for \degree, \celsius and \p
erthousand on input line 20.
LaTeX Info: Redefining \ohm on input line 20.
Package gensymb Info: Using \textohm for \ohm on input line 20.
Package gensymb Info: Using \textmu for \micro on input line 20.
LaTeX Font Info:    External font `cmex10' loaded for size
(Font)              <14.4> on input line 22.
LaTeX Font Info:    External font `cmex10' loaded for size
(Font)              <7> on input line 22.
<cccc.png, id=1, 1057.9525pt x 710.655pt>
File: cccc.png Graphic file (type png)
<use cccc.png>
Package pdftex.def Info: cccc.png  used on input line 31.
(pdftex.def)             Requested size: 266.0125pt x 178.68262pt.
LaTeX Font Info:    External font `cmex10' loaded for size
(Font)              <12> on input line 39.
LaTeX Font Info:    External font `cmex10' loaded for size
(Font)              <8> on input line 39.
LaTeX Font Info:    External font `cmex10' loaded for size
(Font)              <6> on input line 39.

! LaTeX Error: \begin{document} ended by \end{center}.

See the LaTeX manual or LaTeX Companion for explanation.
Type  H <return>  for immediate help.
 ...                                              
                                                  
l.40 \end{center}
                 
? 
! Extra \endgroup.
<recently read> \endgroup 
                          
l.40 \end{center}
                 
? 

! LaTeX Error: Bad math environment delimiter.

See the LaTeX manual or LaTeX Companion for explanation.
Type  H <return>  for immediate help.
 ...                                              
                                                  
l.93 \end{equation}
                   
? 

! LaTeX Error: \begin{document} ended by \end{equation}.

See the LaTeX manual or LaTeX Companion for explanation.
Type  H <return>  for immediate help.
 ...                                              
                                                  
l.93 \end{equation}
                   
? 
! Missing $ inserted.
<inserted text> 
                $
l.93 \end{equation}
                   
? 
! Display math should end with $$.
<to be read again> 
                   \endgroup 
l.93 \end{equation}
                   
? 
! Extra \endgroup.
<recently read> \endgroup 
                          
l.93 \end{equation}
                   
? 
[1{/var/lib/texmf/fonts/map/pdftex/updmap/pdftex.map}


 <./cccc.png>]

! LaTeX Error: \mathbf allowed only in math mode.

See the LaTeX manual or LaTeX Companion for explanation.
Type  H <return>  for immediate help.
 ...                                              
                                                  
l.123 	\vec
            {V_1} = \myvec{  1 \hspace{10mm} 0  \vspace{4mm} \hspace{10mm }\...

? 
! Missing $ inserted.
<inserted text> 
                $
l.123 	\vec {V_
               1} = \myvec{  1 \hspace{10mm} 0  \vspace{4mm} \hspace{10mm }\...

? 
! Extra }, or forgotten $.
l.123 	\vec {V_1}
                  = \myvec{  1 \hspace{10mm} 0  \vspace{4mm} \hspace{10mm }\...

? 

! LaTeX Error: There's no line here to end.

See the LaTeX manual or LaTeX Companion for explanation.
Type  H <return>  for immediate help.
 ...                                              
                                                  
l.123 ...space{10mm }\\ 0  \hspace{10mm} 1 \\ } \\
                                                    \vspace{5mm}
? 
! Missing $ inserted.
<inserted text> 
                $
l.123 ...space{10mm }\\ 0  \hspace{10mm} 1 \\ } \\
                                                    \vspace{5mm}
? 
! Missing } inserted.
<inserted text> 
                }
l.123 ...space{10mm }\\ 0  \hspace{10mm} 1 \\ } \\
                                                    \vspace{5mm}
? 

! LaTeX Error: \mathbf allowed only in math mode.

See the LaTeX manual or LaTeX Companion for explanation.
Type  H <return>  for immediate help.
 ...                                              
                                                  
l.125 \vec
           {V_2} = \myvec{  1 \hspace{10mm} 0  \vspace{4mm} \hspace{10mm }\\...

? 
! Missing $ inserted.
<inserted text> 
                $
l.125 \vec {V_
              2} = \myvec{  1 \hspace{10mm} 0  \vspace{4mm} \hspace{10mm }\\...

? 
! Extra }, or forgotten $.
l.125 \vec {V_2}
                 = \myvec{  1 \hspace{10mm} 0  \vspace{4mm} \hspace{10mm }\\...

? 

! LaTeX Error: There's no line here to end.

See the LaTeX manual or LaTeX Companion for explanation.
Type  H <return>  for immediate help.
 ...                                              
                                                  
l.125 ...hspace{10mm }\\ 0  \hspace{10mm} 1\\ } \\
                                                   \vspace{5mm}
? 
! Missing $ inserted.
<inserted text> 
                $
l.125 ...hspace{10mm }\\ 0  \hspace{10mm} 1\\ } \\
                                                   \vspace{5mm}
? 
! Missing } inserted.
<inserted text> 
                }
l.125 ...hspace{10mm }\\ 0  \hspace{10mm} 1\\ } \\
                                                   \vspace{5mm}
? 

! LaTeX Error: \mathbf allowed only in math mode.

See the LaTeX manual or LaTeX Companion for explanation.
Type  H <return>  for immediate help.
 ...                                              
                                                  
l.128 \vec
           {u_1} = \myvec{  0    \vspace{4mm} \hspace{10mm }\\ 0 \hspace{10m...

? 
! Missing $ inserted.
<inserted text> 
                $
l.128 \vec {u_
              1} = \myvec{  0    \vspace{4mm} \hspace{10mm }\\ 0 \hspace{10m...

? 
! Extra }, or forgotten $.
l.128 \vec {u_1}
                 = \myvec{  0    \vspace{4mm} \hspace{10mm }\\ 0 \hspace{10m...

? 

! LaTeX Error: There's no line here to end.

See the LaTeX manual or LaTeX Companion for explanation.
Type  H <return>  for immediate help.
 ...                                              
                                                  
l.128 ... \hspace{10mm }\\ 0 \hspace{10mm} \\ } \\
                                                   \vspace{5mm}
? 
! Missing $ inserted.
<inserted text> 
                $
l.128 ... \hspace{10mm }\\ 0 \hspace{10mm} \\ } \\
                                                   \vspace{5mm}
? 
! Missing } inserted.
<inserted text> 
                }
l.128 ... \hspace{10mm }\\ 0 \hspace{10mm} \\ } \\
                                                   \vspace{5mm}
? 

! LaTeX Error: \mathbf allowed only in math mode.

See the LaTeX manual or LaTeX Companion for explanation.
Type  H <return>  for immediate help.
 ...                                              
                                                  
l.129 \vec
           {u_2} = \myvec{  -4   \vspace{4mm} \hspace{10mm }\\ 0 \hspace{10m...

? 
! Missing $ inserted.
<inserted text> 
                $
l.129 \vec {u_
              2} = \myvec{  -4   \vspace{4mm} \hspace{10mm }\\ 0 \hspace{10m...

? 
! Extra }, or forgotten $.
l.129 \vec {u_2}
                 = \myvec{  -4   \vspace{4mm} \hspace{10mm }\\ 0 \hspace{10m...

? 

! LaTeX Error: There's no line here to end.

See the LaTeX manual or LaTeX Companion for explanation.
Type  H <return>  for immediate help.
 ...                                              
                                                  
l.129 ... \hspace{10mm }\\ 0 \hspace{10mm} \\ } \\
                                                   \vspace{5mm}
? 
! Missing $ inserted.
<inserted text> 
                $
l.129 ... \hspace{10mm }\\ 0 \hspace{10mm} \\ } \\
                                                   \vspace{5mm}
? 
! Missing } inserted.
<inserted text> 
                }
l.129 ... \hspace{10mm }\\ 0 \hspace{10mm} \\ } \\
                                                   \vspace{5mm}
? 

! LaTeX Error: \mathbf allowed only in math mode.

See the LaTeX manual or LaTeX Companion for explanation.
Type  H <return>  for immediate help.
 ...                                              
                                                  
l.131 \vec
           f_1=-25  \hspace{10mm}
? 
! Missing $ inserted.
<inserted text> 
                $
l.131 \vec f_
             1=-25  \hspace{10mm}
? 
! Missing $ inserted.
<inserted text> 
                $
l.134 
      
? 
! Missing } inserted.
<inserted text> 
                }
l.134 
      
? 
! Too many }'s.
\@par ... \@noitemerr {\@@par }\fi \else {\@@par }
                                                  \fi 
l.134 
      
? 
! Missing $ inserted.
<inserted text> 
                $
l.144 \mu
          = -1
? 
! Missing $ inserted.
<inserted text> 
                $
l.146 
      
? 
! Missing } inserted.
<inserted text> 
                }
l.146 
      
? 
! Too many }'s.
\@par ... \@noitemerr {\@@par }\fi \else {\@@par }
                                                  \fi 
l.146 
      
? 
! Missing $ inserted.
<inserted text> 
                $
l.161     p_
            1=(4,-3)
? 
! Missing $ inserted.
<inserted text> 
                $
l.162 \subsection
                 { So The length of the common chord is 6cm}
? 
! Missing } inserted.
<inserted text> 
                }
l.162 \subsection
                 { So The length of the common chord is 6cm}
? 
! Too many }'s.
\@par ... \@noitemerr {\@@par }\fi \else {\@@par }
                                                  \fi 
l.162 \subsection
                 { So The length of the common chord is 6cm}
? 
! Missing $ inserted.
<inserted text> 
                $
l.180   O_
          1& $(4,0)$ &Center\\
? 
! Missing $ inserted.
<inserted text> 
                $
l.180   O_1&
             $(4,0)$ &Center\\
? 
! Missing $ inserted.
<inserted text> 
                $
l.184   P_
          1&$(4,-3)$&Point Of intersection\\
? 
! Missing $ inserted.
<inserted text> 
                $
l.184   P_1&
            $(4,-3)$&Point Of intersection\\
? 
! Missing $ inserted.
<inserted text> 
                $
l.186   P-P_
            1& $6$ &Length of the common chord\\
? 
! Missing $ inserted.
<inserted text> 
                $
l.186   P-P_1&
               $6$ &Length of the common chord\\
? 
[2] (./cccsrrr.aux) ) 
Here is how much of TeX's memory you used:
 2629 strings out of 481209
 36825 string characters out of 5914748
 336651 words of memory out of 5000000
 19559 multiletter control sequences out of 15000+600000
 411555 words of font info for 53 fonts, out of 8000000 for 9000
 36 hyphenation exceptions out of 8191
 68i,15n,74p,268b,222s stack positions out of 5000i,500n,10000p,200000b,80000s
</usr/share/texlive/texmf-dist/fonts/type1/public/amsfonts
/cm/cmbx12.pfb></usr/share/texlive/texmf-dist/fonts/type1/public/amsfonts/cm/cm
bx8.pfb></usr/share/texlive/texmf-dist/fonts/type1/public/amsfonts/cm/cmex10.pf
b></usr/share/texlive/texmf-dist/fonts/type1/public/amsfonts/cm/cmmi12.pfb></us
r/share/texlive/texmf-dist/fonts/type1/public/amsfonts/cm/cmmi8.pfb></usr/share
/texlive/texmf-dist/fonts/type1/public/amsfonts/cm/cmr12.pfb></usr/share/texliv
e/texmf-dist/fonts/type1/public/amsfonts/cm/cmr8.pfb></usr/share/texlive/texmf-
dist/fonts/type1/public/amsfonts/cm/cmsy10.pfb></usr/share/texlive/texmf-dist/f
onts/type1/public/amsfonts/cm/cmsy8.pfb>
Output written on cccsrrr.pdf (2 pages, 153436 bytes).
PDF statistics:
 50 PDF objects out of 1000 (max. 8388607)
 34 compressed objects within 1 object stream
 0 named destinations out of 1000 (max. 500000)
 6 words of extra memory for PDF output out of 10000 (max. 10000000)

