This is pdfTeX, Version 3.141592653-2.6-1.40.22 (TeX Live 2022/dev/Debian) (preloaded format=pdflatex 2023.6.16)  18 JUL 2023 10:17
entering extended mode
 restricted \write18 enabled.
 %&-line parsing enabled.
**solution.tex
(./solution.tex
LaTeX2e <2021-11-15> patch level 1
L3 programming layer <2022-01-21>
(/usr/share/texlive/texmf-dist/tex/latex/base/article.cls
Document Class: article 2021/10/04 v1.4n Standard LaTeX document class
(/usr/share/texlive/texmf-dist/tex/latex/base/size12.clo
File: size12.clo 2021/10/04 v1.4n Standard LaTeX file (size option)
)
\c@part=\count185
\c@section=\count186
\c@subsection=\count187
\c@subsubsection=\count188
\c@paragraph=\count189
\c@subparagraph=\count190
\c@figure=\count191
\c@table=\count192
\abovecaptionskip=\skip47
\belowcaptionskip=\skip48
\bibindent=\dimen138
)
(/usr/share/texlive/texmf-dist/tex/latex/graphics/graphicx.sty
Package: graphicx 2021/09/16 v1.2d Enhanced LaTeX Graphics (DPC,SPQR)

(/usr/share/texlive/texmf-dist/tex/latex/graphics/keyval.sty
Package: keyval 2014/10/28 v1.15 key=value parser (DPC)
\KV@toks@=\toks16
)
(/usr/share/texlive/texmf-dist/tex/latex/graphics/graphics.sty
Package: graphics 2021/03/04 v1.4d Standard LaTeX Graphics (DPC,SPQR)

(/usr/share/texlive/texmf-dist/tex/latex/graphics/trig.sty
Package: trig 2021/08/11 v1.11 sin cos tan (DPC)
)
(/usr/share/texlive/texmf-dist/tex/latex/graphics-cfg/graphics.cfg
File: graphics.cfg 2016/06/04 v1.11 sample graphics configuration
)
Package graphics Info: Driver file: pdftex.def on input line 107.

(/usr/share/texlive/texmf-dist/tex/latex/graphics-def/pdftex.def
File: pdftex.def 2020/10/05 v1.2a Graphics/color driver for pdftex
))
\Gin@req@height=\dimen139
\Gin@req@width=\dimen140
)
(/usr/share/texlive/texmf-dist/tex/latex/refstyle/refstyle.sty
Package: refstyle 2010/11/02 v0.5 Reference formatting (DNJ Els)
Package refstyle Info: Config file refstyle.cfg used on input line 322.

(/usr/share/texlive/texmf-dist/tex/latex/refstyle/refstyle.cfg
File: refstyle.cfg 2010/11/02 0.5 Configuration file for refstyle (DNJ Els)
Package refstyle Info: New reference template \newref{part} on input line 468.
Package refstyle Info: \partkey created on input line 468.
Package refstyle Info: \partlabel created on input line 468.
Package refstyle Info: \partref created on input line 468.
Package refstyle Info: \Partref created on input line 468.
Package refstyle Info: \partrangeref created on input line 468.
Package refstyle Info: \Partrangeref created on input line 468.
Package refstyle Info: \partpageref created on input line 468.
Package refstyle Info: New reference template \newref{chap} on input line 501.
Package refstyle Info: \chapkey created on input line 501.
Package refstyle Info: \chaplabel created on input line 501.
Package refstyle Info: \chapref created on input line 501.
Package refstyle Info: \Chapref created on input line 501.
Package refstyle Info: \chaprangeref created on input line 501.
Package refstyle Info: \Chaprangeref created on input line 501.
Package refstyle Info: \chappageref created on input line 501.
Package refstyle Info: New reference template \newref{sec} on input line 511.
Package refstyle Info: \seckey created on input line 511.
Package refstyle Info: \seclabel created on input line 511.
Package refstyle Info: \secref created on input line 511.
Package refstyle Info: \Secref created on input line 511.
Package refstyle Info: \secrangeref created on input line 511.
Package refstyle Info: \Secrangeref created on input line 511.
Package refstyle Info: \secpageref created on input line 511.
Package refstyle Info: New reference template \newref{eq} on input line 526.
Package refstyle Info: \eqkey created on input line 526.
Package refstyle Info: \eqlabel created on input line 526.
Package refstyle Info: \eqref created on input line 526.
Package refstyle Info: \Eqref created on input line 526.
Package refstyle Info: \eqrangeref created on input line 526.
Package refstyle Info: \Eqrangeref created on input line 526.
Package refstyle Info: \eqpageref created on input line 526.
Package refstyle Info: New reference template \newref{fig} on input line 544.
Package refstyle Info: \figkey created on input line 544.
Package refstyle Info: \figlabel created on input line 544.
Package refstyle Info: \figref created on input line 544.
Package refstyle Info: \Figref created on input line 544.
Package refstyle Info: \figrangeref created on input line 544.
Package refstyle Info: \Figrangeref created on input line 544.
Package refstyle Info: \figpageref created on input line 544.
Package refstyle Info: New reference template \newref{tab} on input line 553.
Package refstyle Info: \tabkey created on input line 553.
Package refstyle Info: \tablabel created on input line 553.
Package refstyle Info: \tabref created on input line 553.
Package refstyle Info: \Tabref created on input line 553.
Package refstyle Info: \tabrangeref created on input line 553.
Package refstyle Info: \Tabrangeref created on input line 553.
Package refstyle Info: \tabpageref created on input line 553.
Package refstyle Info: New reference template \newref{fn} on input line 568.
Package refstyle Info: \fnkey created on input line 568.
Package refstyle Info: \fnlabel created on input line 568.
Package refstyle Info: \fnref created on input line 568.
Package refstyle Info: \Fnref created on input line 568.
Package refstyle Info: \fnrangeref created on input line 568.
Package refstyle Info: \Fnrangeref created on input line 568.
Package refstyle Info: \fnpageref created on input line 568.
))
(/usr/share/texlive/texmf-dist/tex/latex/amsmath/amsmath.sty
Package: amsmath 2021/10/15 v2.17l AMS math features
\@mathmargin=\skip49

For additional information on amsmath, use the `?' option.
(/usr/share/texlive/texmf-dist/tex/latex/amsmath/amstext.sty
Package: amstext 2021/08/26 v2.01 AMS text

(/usr/share/texlive/texmf-dist/tex/latex/amsmath/amsgen.sty
File: amsgen.sty 1999/11/30 v2.0 generic functions
\@emptytoks=\toks17
\ex@=\dimen141
))
(/usr/share/texlive/texmf-dist/tex/latex/amsmath/amsbsy.sty
Package: amsbsy 1999/11/29 v1.2d Bold Symbols
\pmbraise@=\dimen142
)
(/usr/share/texlive/texmf-dist/tex/latex/amsmath/amsopn.sty
Package: amsopn 2021/08/26 v2.02 operator names
)
\inf@bad=\count193
LaTeX Info: Redefining \frac on input line 234.
\uproot@=\count194
\leftroot@=\count195
LaTeX Info: Redefining \overline on input line 399.
\classnum@=\count196
\DOTSCASE@=\count197
LaTeX Info: Redefining \ldots on input line 496.
LaTeX Info: Redefining \dots on input line 499.
LaTeX Info: Redefining \cdots on input line 620.
\Mathstrutbox@=\box50
\strutbox@=\box51
\big@size=\dimen143
LaTeX Font Info:    Redeclaring font encoding OML on input line 743.
LaTeX Font Info:    Redeclaring font encoding OMS on input line 744.
\macc@depth=\count198
\c@MaxMatrixCols=\count199
\dotsspace@=\muskip16
\c@parentequation=\count266
\dspbrk@lvl=\count267
\tag@help=\toks18
\row@=\count268
\column@=\count269
\maxfields@=\count270
\andhelp@=\toks19
\eqnshift@=\dimen144
\alignsep@=\dimen145
\tagshift@=\dimen146
\tagwidth@=\dimen147
\totwidth@=\dimen148
\lineht@=\dimen149
\@envbody=\toks20
\multlinegap=\skip50
\multlinetaggap=\skip51
\mathdisplay@stack=\toks21
LaTeX Info: Redefining \[ on input line 2938.
LaTeX Info: Redefining \] on input line 2939.
)
(/usr/share/texlive/texmf-dist/tex/latex/caption/caption.sty
Package: caption 2020/10/26 v3.5g Customizing captions (AR)

(/usr/share/texlive/texmf-dist/tex/latex/caption/caption3.sty
Package: caption3 2020/10/21 v2.2e caption3 kernel (AR)
\captionmargin=\dimen150
\captionmargin@=\dimen151
\captionwidth=\dimen152
\caption@tempdima=\dimen153
\caption@indent=\dimen154
\caption@parindent=\dimen155
\caption@hangindent=\dimen156
Package caption Info: Standard document class detected.
)
\c@caption@flags=\count271
\c@continuedfloat=\count272
)
(/usr/share/texlive/texmf-dist/tex/latex/float/float.sty
Package: float 2001/11/08 v1.3d Float enhancements (AL)
\c@float@type=\count273
\float@exts=\toks22
\float@box=\box52
\@float@everytoks=\toks23
\@floatcapt=\box53
)
(/usr/share/texlive/texmf-dist/tex/latex/physics/physics.sty
Package: physics 

(/usr/share/texlive/texmf-dist/tex/latex/l3packages/xparse/xparse.sty
(/usr/share/texlive/texmf-dist/tex/latex/l3kernel/expl3.sty
Package: expl3 2022-01-21 L3 programming layer (loader) 

(/usr/share/texlive/texmf-dist/tex/latex/l3backend/l3backend-pdftex.def
File: l3backend-pdftex.def 2022-01-12 L3 backend support: PDF output (pdfTeX)
\l__color_backend_stack_int=\count274
\l__pdf_internal_box=\box54
))
Package: xparse 2022-01-12 L3 Experimental document command parser
))
(/usr/share/texlive/texmf-dist/tex/latex/tasks/tasks.sty
(/usr/share/texlive/texmf-dist/tex/latex/l3packages/xtemplate/xtemplate.sty
Package: xtemplate 2022-01-12 L3 Experimental prototype document functions
\l__xtemplate_tmp_dim=\dimen157
\l__xtemplate_tmp_int=\count275
\l__xtemplate_tmp_muskip=\muskip17
\l__xtemplate_tmp_skip=\skip52
)
Package: tasks 2022/01/08 v1.4a lists with columns filled horizontally
\g__tasks_total_items_int=\count276
\l__tasks_columns_int=\count277
\g__tasks_rows_int=\count278
\g__tasks_current_col_num_int=\count279
\g__tasks_current_row_num_int=\count280
\l__tasks_item_columns_int=\count281
\g__tasks_env_int=\count282
\l__tasks_start_int=\count283
\l__tasks_item_indent_dim=\dimen158
\l__tasks_item_default_indent_dim=\dimen159
\l__tasks_item_width_dim=\dimen160
\l__tasks_label_width_dim=\dimen161
\l__tasks_label_default_width_dim=\dimen162
\l__tasks_label_offset_dim=\dimen163
\l__tasks_label_default_offset_dim=\dimen164
\l__tasks_column_sep_dim=\dimen165
\l__tasks_correction_dim=\dimen166
\l__tasks_full_width_dim=\dimen167
\l__tasks_after_item_skip=\skip53
\l__tasks_custom_after_item_skip=\skip54
\l__tasks_before_list_skip=\skip55
\l__tasks_after_list_skip=\skip56
\l__tasks_item_coffin=\box55
\l__tasks_label_coffin=\box56
\c@task=\count284
\l__tasks_tmpa_int=\count285
\l__tasks_tmpb_int=\count286
\l__tasks_tmpa_coffin=\box57
\l__tasks_tmpa_box=\box58

Package xtemplate Info: Declaring object type 'tasks' taking 3 argument(s) on
(xtemplate)             line 450.


(/usr/share/texlive/texmf-dist/tex/latex/tasks/tasks.cfg))
(/usr/share/texlive/texmf-dist/tex/latex/listings/listings.sty
\lst@mode=\count287
\lst@gtempboxa=\box59
\lst@token=\toks24
\lst@length=\count288
\lst@currlwidth=\dimen168
\lst@column=\count289
\lst@pos=\count290
\lst@lostspace=\dimen169
\lst@width=\dimen170
\lst@newlines=\count291
\lst@lineno=\count292
\lst@maxwidth=\dimen171

(/usr/share/texlive/texmf-dist/tex/latex/listings/lstmisc.sty
File: lstmisc.sty 2020/03/24 1.8d (Carsten Heinz)
\c@lstnumber=\count293
\lst@skipnumbers=\count294
\lst@framebox=\box60
)
(/usr/share/texlive/texmf-dist/tex/latex/listings/listings.cfg
File: listings.cfg 2020/03/24 1.8d listings configuration
))
Package: listings 2020/03/24 1.8d (Carsten Heinz)

(/usr/share/texlive/texmf-dist/tex/latex/was/gensymb.sty
Package: gensymb 2003/07/02 v1.0 (WaS)
)
(/usr/share/texlive/texmf-dist/tex/latex/base/textcomp.sty
Package: textcomp 2020/02/02 v2.0n Standard LaTeX package
)
(/usr/share/texlive/texmf-dist/tex/latex/tabularray/tabularray.sty
Package: tabularray 2021-12-01 v2021Q Typeset tabulars and arrays with LaTeX3
\l__tblr_a_int=\count295
\l__tblr_c_int=\count296
\l__tblr_r_int=\count297
\l__tblr_d_dim=\dimen172
\l__tblr_h_dim=\dimen173
\l__tblr_o_dim=\dimen174
\l__tblr_p_dim=\dimen175
\l__tblr_q_dim=\dimen176
\l__tblr_r_dim=\dimen177
\l__tblr_s_dim=\dimen178
\l__tblr_t_dim=\dimen179
\l__tblr_v_dim=\dimen180
\l__tblr_w_dim=\dimen181
\l__tblr_a_box=\box61
\l__tblr_b_box=\box62
\l__tblr_c_box=\box63
\l__tblr_d_box=\box64
\g__tblr_table_count_int=\count298
\c@rownum=\count299
\c@colnum=\count300
\c@rowcount=\count301
\c@colcount=\count302
\abovesep=\dimen182
\belowsep=\dimen183
\leftsep=\dimen184
\rightsep=\dimen185
\g_tblr_level_int=\count303
\g__tblr_data_row_key_count_int=\count304
\g__tblr_data_column_key_count_int=\count305
\g__tblr_data_cell_key_count_int=\count306
\g__tblr_array_int=\count307
\l__tblr_key_count_int=\count308
\l__tblr_key_quotient_int=\count309
\l__tblr_key_quotient_two_int=\count310
\l__tblr_key_remainder_int=\count311
\g__tblr_data_str_value_count_int=\count312
\rulewidth=\dimen186
\l__multicolumn_cell_number_int=\count313
\l__tblr_strut_ht_box=\box65
\l__tblr_strut_dp_box=\box66
\g__tblr_cell_wd_dim=\dimen187
\g__tblr_cell_ht_dim=\dimen188
\g__tblr_cell_head_dim=\dimen189
\g__tblr_cell_foot_dim=\dimen190
\l__column_target_dim=\dimen191
\l__tblr_caption_box=\box67
\l__tblr_caption_left_box=\box68
\l__tblr_row_head_box=\box69
\l__tblr_row_foot_box=\box70
\l__tblr_row_head_foot_dim=\dimen192
\tablewidth=\dimen193
\l__tblr_table_firsthead_box=\box71
\l__tblr_table_middlehead_box=\box72
\l__tblr_table_lasthead_box=\box73
\l__tblr_table_firstfoot_box=\box74
\l__tblr_table_middlefoot_box=\box75
\l__tblr_table_lastfoot_box=\box76
\l__tblr_remain_height_dim=\dimen194
\l__tblr_long_from_int=\count314
\l__tblr_long_to_int=\count315
\l__tblr_curr_i_int=\count316
\l__tblr_prev_i_int=\count317
\l__tblr_table_page_int=\count318
\l__tblr_table_head_box=\box77
\l__tblr_table_foot_box=\box78
\l__tblr_table_head_foot_dim=\dimen195
\l__tblr_table_head_body_foot_dim=\dimen196
\l__tblr_table_box=\box79
\l__tblr_table_hlines_box=\box80
\l__tblr_hline_box=\box81
\l__tblr_row_box=\box82
\l__tblr_col_o_wd_dim=\dimen197
\l__tblr_col_b_wd_dim=\dimen198
\l__tblr_hline_leftskip_dim=\dimen199
\l__tblr_hline_rightskip_dim=\dimen256
\l__tblr_row_ht_dim=\dimen257
\l__tblr_row_dp_dim=\dimen258
\l__tblr_row_abovesep_dim=\dimen259
\l__tblr_row_belowsep_dim=\dimen260
\l__tblr_row_vlines_box=\box83
\l__tblr_vline_box=\box84
\l__tblr_cell_box=\box85
\l__row_upper_dim=\dimen261
\l__row_lower_dim=\dimen262
\l__row_vpace_dim=\dimen263
\l__tblr_vline_aboveskip_dim=\dimen264
\l__tblr_vline_belowskip_dim=\dimen265
\l__tblr_cell_wd_dim=\dimen266
\l__tblr_cell_ht_dim=\dimen267
\l__tblr_diag_box=\box86
)
(/usr/share/texlive/texmf-dist/tex/latex/base/inputenc.sty
Package: inputenc 2021/02/14 v1.3d Input encoding file
\inpenc@prehook=\toks25
\inpenc@posthook=\toks26
) (./solution.aux)
\openout1 = `solution.aux'.

LaTeX Font Info:    Checking defaults for OML/cmm/m/it on input line 19.
LaTeX Font Info:    ... okay on input line 19.
LaTeX Font Info:    Checking defaults for OMS/cmsy/m/n on input line 19.
LaTeX Font Info:    ... okay on input line 19.
LaTeX Font Info:    Checking defaults for OT1/cmr/m/n on input line 19.
LaTeX Font Info:    ... okay on input line 19.
LaTeX Font Info:    Checking defaults for T1/cmr/m/n on input line 19.
LaTeX Font Info:    ... okay on input line 19.
LaTeX Font Info:    Checking defaults for TS1/cmr/m/n on input line 19.
LaTeX Font Info:    ... okay on input line 19.
LaTeX Font Info:    Checking defaults for OMX/cmex/m/n on input line 19.
LaTeX Font Info:    ... okay on input line 19.
LaTeX Font Info:    Checking defaults for U/cmr/m/n on input line 19.
LaTeX Font Info:    ... okay on input line 19.

(/usr/share/texlive/texmf-dist/tex/context/base/mkii/supp-pdf.mkii
[Loading MPS to PDF converter (version 2006.09.02).]
\scratchcounter=\count319
\scratchdimen=\dimen268
\scratchbox=\box87
\nofMPsegments=\count320
\nofMParguments=\count321
\everyMPshowfont=\toks27
\MPscratchCnt=\count322
\MPscratchDim=\dimen269
\MPnumerator=\count323
\makeMPintoPDFobject=\count324
\everyMPtoPDFconversion=\toks28
) (/usr/share/texlive/texmf-dist/tex/latex/epstopdf-pkg/epstopdf-base.sty
Package: epstopdf-base 2020-01-24 v2.11 Base part for package epstopdf

(/usr/share/texlive/texmf-dist/tex/generic/infwarerr/infwarerr.sty
Package: infwarerr 2019/12/03 v1.5 Providing info/warning/error messages (HO)
)
(/usr/share/texlive/texmf-dist/tex/latex/grfext/grfext.sty
Package: grfext 2019/12/03 v1.3 Manage graphics extensions (HO)

(/usr/share/texlive/texmf-dist/tex/generic/kvdefinekeys/kvdefinekeys.sty
Package: kvdefinekeys 2019-12-19 v1.6 Define keys (HO)
))
(/usr/share/texlive/texmf-dist/tex/latex/kvoptions/kvoptions.sty
Package: kvoptions 2020-10-07 v3.14 Key value format for package options (HO)

(/usr/share/texlive/texmf-dist/tex/generic/ltxcmds/ltxcmds.sty
Package: ltxcmds 2020-05-10 v1.25 LaTeX kernel commands for general use (HO)
)
(/usr/share/texlive/texmf-dist/tex/generic/kvsetkeys/kvsetkeys.sty
Package: kvsetkeys 2019/12/15 v1.18 Key value parser (HO)
))
(/usr/share/texlive/texmf-dist/tex/generic/pdftexcmds/pdftexcmds.sty
Package: pdftexcmds 2020-06-27 v0.33 Utility functions of pdfTeX for LuaTeX (HO
)

(/usr/share/texlive/texmf-dist/tex/generic/iftex/iftex.sty
Package: iftex 2020/03/06 v1.0d TeX engine tests
)
Package pdftexcmds Info: \pdf@primitive is available.
Package pdftexcmds Info: \pdf@ifprimitive is available.
Package pdftexcmds Info: \pdfdraftmode found.
)
Package epstopdf-base Info: Redefining graphics rule for `.eps' on input line 4
85.
Package grfext Info: Graphics extension search list:
(grfext)             [.pdf,.png,.jpg,.mps,.jpeg,.jbig2,.jb2,.PDF,.PNG,.JPG,.JPE
G,.JBIG2,.JB2,.eps]
(grfext)             \AppendGraphicsExtensions on input line 504.

(/usr/share/texlive/texmf-dist/tex/latex/latexconfig/epstopdf-sys.cfg
File: epstopdf-sys.cfg 2010/07/13 v1.3 Configuration of (r)epstopdf for TeX Liv
e
))
Package caption Info: Begin \AtBeginDocument code.
Package caption Info: float package is loaded.
Package caption Info: listings package is loaded.
Package caption Info: End \AtBeginDocument code.
\c@lstlisting=\count325
\symgns@font=\mathgroup4
LaTeX Font Info:    Overwriting symbol font `gns@font' in version `bold'
(Font)                  TS1/cmr/m/n --> TS1/cmr/b/n on input line 18.
Package gensymb Info: Math companion symbols declared on input line 18.
LaTeX Info: Redefining \degree on input line 18.
LaTeX Info: Redefining \celsius on input line 18.
Package gensymb Info: Using text companion symbols for \degree, \celsius and \p
erthousand on input line 18.
LaTeX Info: Redefining \ohm on input line 18.
Package gensymb Info: Using \textohm for \ohm on input line 18.
Package gensymb Info: Using \textmu for \micro on input line 18.


Package tasks Warning: The width of `label-width' is too small on line 31.
(tasks)                Please set it at least to 11.0971pt.


Package tasks Warning: The width of `label-width' is too small on line 31.
(tasks)                Please set it at least to 11.0971pt.

! Missing $ inserted.
<inserted text> 
                $
l.37 \end{align}
                
? ^^[[A
Type <return> to proceed, S to scroll future error messages,
R to run without stopping, Q to run quietly,
I to insert something, E to edit your file,
1 or ... or 9 to ignore the next 1 to 9 tokens of input,
H for help, X to quit.
? 
! Emergency stop.
<inserted text> 
                $
l.37 \end{align}
                
End of file on the terminal!

 
Here is how much of TeX's memory you used:
 8745 strings out of 478287
 163090 string characters out of 5849289
 453252 words of memory out of 5000000
 26869 multiletter control sequences out of 15000+600000
 475201 words of font info for 48 fonts, out of 8000000 for 9000
 1141 hyphenation exceptions out of 8191
 68i,10n,77p,332b,331s stack positions out of 5000i,500n,10000p,200000b,80000s
!  ==> Fatal error occurred, no output PDF file produced!
332b,331s stack positions out of 5000i,500n,10000p,200000b,80000s
!  ==> Fatal error occurred, no output PDF file produced!
0b,80000s
</usr/share/texlive/texmf-dist/fonts/type1/public/amsfonts/cm/cmbx12.pfb></us
r/share/texlive/texmf-dist/fonts/type1/public/amsfonts/cm/cmbx8.pfb></usr/share
/texlive/texmf-dist/fonts/type1/public/amsfonts/cm/cmex10.pfb></usr/share/texli
ve/texmf-dist/fonts/type1/public/amsfonts/cm/cmmi12.pfb></usr/share/texlive/tex
mf-dist/fonts/type1/public/amsfonts/cm/cmr12.pfb></usr/share/texlive/texmf-dist
/fonts/type1/public/amsfonts/cm/cmr8.pfb></usr/share/texlive/texmf-dist/fonts/t
ype1/public/amsfonts/cm/cmsy10.pfb></usr/share/texlive/texmf-dist/fonts/type1/p
ublic/amsfonts/cm/cmsy8.pfb>
Output written on solution.pdf (2 pages, 131675 bytes).
PDF statistics:
 54 PDF objects out of 1000 (max. 8388607)
 31 compressed objects within 1 object stream
 0 named destinations out of 1000 (max. 500000)
 6 words of extra memory for PDF output out of 10000 (max. 10000000)

