\BOOKMARK [0][-]{chapter*.2}{Introduction}{}% 1
\BOOKMARK [0][-]{chapter.1}{Vectors}{}% 2
\BOOKMARK [1][-]{section.1.1}{Distance Formula}{chapter.1}% 3
\BOOKMARK [1][-]{section.1.2}{Section Formula}{chapter.1}% 4
\BOOKMARK [1][-]{section.1.3}{Properties}{chapter.1}% 5
\BOOKMARK [1][-]{section.1.4}{3D-Properties}{chapter.1}% 6
\BOOKMARK [1][-]{section.1.5}{Scalar Product}{chapter.1}% 7
\BOOKMARK [1][-]{section.1.6}{Area of a Triangle }{chapter.1}% 8
\BOOKMARK [1][-]{section.1.7}{Vector Product}{chapter.1}% 9
\BOOKMARK [1][-]{section.1.8}{3D Miscellanous}{chapter.1}% 10
\BOOKMARK [1][-]{section.1.9}{Miscellaneous Exercises}{chapter.1}% 11
\BOOKMARK [1][-]{section.1.10}{Line Preliminaries}{chapter.1}% 12
\BOOKMARK [1][-]{section.1.11}{Exemplar}{chapter.1}% 13
\BOOKMARK [1][-]{section.1.12}{Exemplar}{chapter.1}% 14
\BOOKMARK [1][-]{section.1.13}{Exemplar}{chapter.1}% 15
\BOOKMARK [1][-]{section.1.14}{Exemplar}{chapter.1}% 16
\BOOKMARK [1][-]{section.1.15}{Exemplar}{chapter.1}% 17
\BOOKMARK [1][-]{section.1.16}{Exemplar}{chapter.1}% 18
\BOOKMARK [1][-]{section.1.17}{Exemplar}{chapter.1}% 19
\BOOKMARK [1][-]{section.1.18}{Exemplar}{chapter.1}% 20
\BOOKMARK [1][-]{section.1.19}{Exemplar}{chapter.1}% 21
\BOOKMARK [1][-]{section.1.20}{Exemplar}{chapter.1}% 22
\BOOKMARK [0][-]{chapter.2}{Line}{}% 23
\BOOKMARK [1][-]{section.2.1}{Equation of a Line}{chapter.2}% 24
\BOOKMARK [1][-]{section.2.2}{General Equation of a Line}{chapter.2}% 25
\BOOKMARK [1][-]{section.2.3}{Miscellaneous Exercises}{chapter.2}% 26
\BOOKMARK [1][-]{section.2.4}{3D line}{chapter.2}% 27
\BOOKMARK [1][-]{section.2.5}{Plane}{chapter.2}% 28
\BOOKMARK [1][-]{section.2.6}{Line-Plane}{chapter.2}% 29
\BOOKMARK [1][-]{section.2.7}{Exemplar}{chapter.2}% 30
\BOOKMARK [1][-]{section.2.8}{JEE}{chapter.2}% 31
\BOOKMARK [0][-]{chapter.3}{Circles}{}% 32
\BOOKMARK [1][-]{section.3.1}{Equation}{chapter.3}% 33
\BOOKMARK [1][-]{section.3.2}{Construction of Tangents to a Circle}{chapter.3}% 34
\BOOKMARK [0][-]{chapter.4}{Constructions}{}% 35
\BOOKMARK [1][-]{section.4.1}{Triangle Constructions}{chapter.4}% 36
\BOOKMARK [1][-]{section.4.2}{Examples}{chapter.4}% 37
\BOOKMARK [1][-]{section.4.3}{Exemplar}{chapter.4}% 38
\BOOKMARK [1][-]{section.4.4}{Exemplar}{chapter.4}% 39
\BOOKMARK [1][-]{section.4.5}{Exemplar}{chapter.4}% 40
\BOOKMARK [1][-]{section.4.6}{ Quadrilateral Construction}{chapter.4}% 41
\BOOKMARK [0][-]{chapter.5}{Circle Construction}{}% 42
\BOOKMARK [1][-]{section.5.1}{Equal Chords}{chapter.5}% 43
\BOOKMARK [1][-]{section.5.2}{Inscribed Polygons }{chapter.5}% 44
\BOOKMARK [1][-]{section.5.3}{Miscellaneous}{chapter.5}% 45
\BOOKMARK [1][-]{section.5.4}{Tangent to a Circle}{chapter.5}% 46
\BOOKMARK [1][-]{section.5.5}{Tangents from a Point}{chapter.5}% 47
\BOOKMARK [1][-]{section.5.6}{Exemplar}{chapter.5}% 48
\BOOKMARK [1][-]{section.5.7}{Exemplar}{chapter.5}% 49
\BOOKMARK [1][-]{section.5.8}{Exemplar}{chapter.5}% 50
\BOOKMARK [1][-]{section.5.9}{Exemplar}{chapter.5}% 51
\BOOKMARK [0][-]{chapter.6}{Conics}{}% 52
\BOOKMARK [1][-]{section.6.1}{Parabola}{chapter.6}% 53
\BOOKMARK [1][-]{section.6.2}{Ellipse}{chapter.6}% 54
\BOOKMARK [1][-]{section.6.3}{Hyperbola}{chapter.6}% 55
\BOOKMARK [1][-]{section.6.4}{Miscellaneous}{chapter.6}% 56
\BOOKMARK [1][-]{section.6.5}{Exemplar}{chapter.6}% 57
\BOOKMARK [1][-]{section.6.6}{Exemplar}{chapter.6}% 58
\BOOKMARK [0][-]{chapter.7}{Intersection of Conics}{}% 59
\BOOKMARK [1][-]{section.7.1}{Chords }{chapter.7}% 60
\BOOKMARK [1][-]{section.7.2}{Curves}{chapter.7}% 61
\BOOKMARK [1][-]{section.7.3}{Miscellaneous}{chapter.7}% 62
\BOOKMARK [1][-]{section.7.4}{Exemplar}{chapter.7}% 63
\BOOKMARK [0][-]{chapter.8}{Tangent And Normal}{}% 64
\BOOKMARK [1][-]{section.8.1}{Properties}{chapter.8}% 65
\BOOKMARK [1][-]{section.8.2}{Miscellaneous}{chapter.8}% 66
\BOOKMARK [1][-]{section.8.3}{Exemplar}{chapter.8}% 67
\BOOKMARK [0][-]{chapter.9}{Singular Value Decomposition}{}% 68
\BOOKMARK [0][-]{appendix.A}{ Vectors}{}% 69
\BOOKMARK [1][-]{section.A.1}{21 vectors}{appendix.A}% 70
\BOOKMARK [1][-]{section.A.2}{31 vectors}{appendix.A}% 71
\BOOKMARK [0][-]{appendix.B}{Matrices}{}% 72
\BOOKMARK [1][-]{section.B.1}{Eigenvalues and Eigenvectors}{appendix.B}% 73
\BOOKMARK [1][-]{section.B.2}{Determinants}{appendix.B}% 74
\BOOKMARK [1][-]{section.B.3}{Rank of a Matrix}{appendix.B}% 75
\BOOKMARK [1][-]{section.B.4}{Inverse of a Matrix}{appendix.B}% 76
\BOOKMARK [1][-]{section.B.5}{Orthogonality}{appendix.B}% 77
\BOOKMARK [1][-]{section.B.6}{Singular Value Decomposition}{appendix.B}% 78
\BOOKMARK [0][-]{appendix.C}{Triangle Constructions}{}% 79
\BOOKMARK [0][-]{appendix.D}{Linear Forms}{}% 80
\BOOKMARK [1][-]{section.D.1}{Two Dimensions}{appendix.D}% 81
\BOOKMARK [1][-]{section.D.2}{Three Dimensions}{appendix.D}% 82
\BOOKMARK [0][-]{appendix.E}{Quadratic Forms}{}% 83
\BOOKMARK [1][-]{section.E.1}{Conic equation }{appendix.E}% 84
\BOOKMARK [1][-]{section.E.2}{Circles}{appendix.E}% 85
\BOOKMARK [1][-]{section.E.3}{Standard Form}{appendix.E}% 86
\BOOKMARK [0][-]{appendix.F}{Conic Parameters}{}% 87
\BOOKMARK [1][-]{section.F.1}{Standard Form}{appendix.F}% 88
\BOOKMARK [1][-]{section.F.2}{Quadratic Form }{appendix.F}% 89
\BOOKMARK [0][-]{appendix.G}{Conic Lines}{}% 90
\BOOKMARK [1][-]{section.G.1}{Pair of Straight Lines}{appendix.G}% 91
\BOOKMARK [1][-]{section.G.2}{Intersection of Conics}{appendix.G}% 92
\BOOKMARK [1][-]{section.G.3}{ Chords of a Conic}{appendix.G}% 93
\BOOKMARK [1][-]{section.G.4}{ Tangent and Normal}{appendix.G}% 94
